Jan-18 16:23:27.829 [main] DEBUG nextflow.cli.Launcher - $> nextflow run nextflow/main.nf
Jan-18 16:23:27.877 [main] DEBUG nextflow.cli.CmdRun - N E X T F L O W  ~  version 24.10.3
Jan-18 16:23:27.888 [main] DEBUG nextflow.plugin.PluginsFacade - Setting up plugin manager > mode=prod; embedded=false; plugins-dir=/Users/danielwodke/.nextflow/plugins; core-plugins: nf-amazon@2.9.2,nf-azure@1.10.2,nf-cloudcache@0.4.2,nf-codecommit@0.2.2,nf-console@1.1.4,nf-google@1.15.3,nf-tower@1.9.3,nf-wave@1.7.4
Jan-18 16:23:27.900 [main] INFO  o.pf4j.DefaultPluginStatusProvider - Enabled plugins: []
Jan-18 16:23:27.900 [main] INFO  o.pf4j.DefaultPluginStatusProvider - Disabled plugins: []
Jan-18 16:23:27.902 [main] INFO  org.pf4j.DefaultPluginManager - PF4J version 3.12.0 in 'deployment' mode
Jan-18 16:23:27.908 [main] INFO  org.pf4j.AbstractPluginManager - No plugins
Jan-18 16:23:27.920 [main] DEBUG nextflow.config.ConfigBuilder - Found config base: /Users/danielwodke/Dropbox/Universität/Semester_9/Operating Complex IT-Systems/serverless_scientific_workflow_poc/nextflow/nextflow.config
Jan-18 16:23:27.922 [main] DEBUG nextflow.config.ConfigBuilder - Parsing config file: /Users/danielwodke/Dropbox/Universität/Semester_9/Operating Complex IT-Systems/serverless_scientific_workflow_poc/nextflow/nextflow.config
Jan-18 16:23:27.936 [main] DEBUG n.secret.LocalSecretsProvider - Secrets store: /Users/danielwodke/.nextflow/secrets/store.json
Jan-18 16:23:27.938 [main] DEBUG nextflow.secret.SecretsLoader - Discovered secrets providers: [nextflow.secret.LocalSecretsProvider@1358b28e] - activable => nextflow.secret.LocalSecretsProvider@1358b28e
Jan-18 16:23:27.941 [main] DEBUG nextflow.config.ConfigBuilder - Applying config profile: `standard`
Jan-18 16:23:28.127 [main] DEBUG nextflow.cli.CmdRun - Applied DSL=2 from script declaration
Jan-18 16:23:28.134 [main] DEBUG nextflow.cli.CmdRun - Launching `nextflow/main.nf` [backstabbing_pauling] DSL2 - revision: 4f20573a64
Jan-18 16:23:28.135 [main] DEBUG nextflow.plugin.PluginsFacade - Plugins default=[]
Jan-18 16:23:28.136 [main] DEBUG nextflow.plugin.PluginsFacade - Plugins resolved requirement=[]
Jan-18 16:23:28.164 [main] DEBUG nextflow.Session - Session UUID: 81db62c1-f54d-4b7b-8d69-7c67f82f0b9e
Jan-18 16:23:28.165 [main] DEBUG nextflow.Session - Run name: backstabbing_pauling
Jan-18 16:23:28.165 [main] DEBUG nextflow.Session - Executor pool size: 12
Jan-18 16:23:28.169 [main] DEBUG nextflow.file.FilePorter - File porter settings maxRetries=3; maxTransfers=50; pollTimeout=null
Jan-18 16:23:28.173 [main] DEBUG nextflow.util.ThreadPoolBuilder - Creating thread pool 'FileTransfer' minSize=10; maxSize=36; workQueue=LinkedBlockingQueue[10000]; allowCoreThreadTimeout=false
Jan-18 16:23:28.185 [main] DEBUG nextflow.cli.CmdRun - 
  Version: 24.10.3 build 5933
  Created: 16-12-2024 15:34 UTC (16:34 CEST)
  System: Mac OS X 14.6.1
  Runtime: Groovy 4.0.23 on OpenJDK 64-Bit Server VM 17.0.13+0
  Encoding: UTF-8 (UTF-8)
  Process: 29776@MBPvonDaniel5 [192.168.2.196]
  CPUs: 12 - Mem: 36 GB (248.9 MB) - Swap: 5 GB (1.5 GB)
Jan-18 16:23:28.192 [main] DEBUG nextflow.Session - Work-dir: /Users/danielwodke/Dropbox/Universität/Semester_9/Operating Complex IT-Systems/serverless_scientific_workflow_poc/work [Mac OS X]
Jan-18 16:23:28.193 [main] DEBUG nextflow.Session - Script base path does not exist or is not a directory: /Users/danielwodke/Dropbox/Universität/Semester_9/Operating Complex IT-Systems/serverless_scientific_workflow_poc/nextflow/bin
Jan-18 16:23:28.199 [main] DEBUG nextflow.executor.ExecutorFactory - Extension executors providers=[]
Jan-18 16:23:28.203 [main] DEBUG nextflow.Session - Observer factory: DefaultObserverFactory
Jan-18 16:23:28.214 [main] DEBUG nextflow.cache.CacheFactory - Using Nextflow cache factory: nextflow.cache.DefaultCacheFactory
Jan-18 16:23:28.218 [main] DEBUG nextflow.util.CustomThreadPool - Creating default thread pool > poolSize: 13; maxThreads: 1000
Jan-18 16:23:28.242 [main] DEBUG nextflow.Session - Session start
Jan-18 16:23:28.372 [main] DEBUG nextflow.script.ScriptRunner - > Launching execution
Jan-18 16:23:28.423 [main] DEBUG nextflow.executor.ExecutorFactory - << taskConfig executor: null
Jan-18 16:23:28.423 [main] DEBUG nextflow.executor.ExecutorFactory - >> processorType: 'local'
Jan-18 16:23:28.426 [main] DEBUG nextflow.executor.Executor - [warm up] executor > local
Jan-18 16:23:28.429 [main] DEBUG n.processor.LocalPollingMonitor - Creating local task monitor for executor 'local' > cpus=12; memory=36 GB; capacity=12; pollInterval=100ms; dumpInterval=5m
Jan-18 16:23:28.430 [main] DEBUG n.processor.TaskPollingMonitor - >>> barrier register (monitor: local)
Jan-18 16:23:28.466 [main] DEBUG nextflow.executor.ExecutorFactory - << taskConfig executor: null
Jan-18 16:23:28.469 [main] DEBUG nextflow.executor.ExecutorFactory - >> processorType: 'local'
Jan-18 16:23:28.472 [main] DEBUG nextflow.Session - Workflow process names [dsl2]: CONVERT_CSV_TO_JSON, PRINT_JSON_CONTENT
Jan-18 16:23:28.472 [main] DEBUG nextflow.Session - Igniting dataflow network (3)
Jan-18 16:23:28.475 [main] DEBUG nextflow.processor.TaskProcessor - Starting process > CONVERT_CSV_TO_JSON
Jan-18 16:23:28.475 [main] DEBUG nextflow.processor.TaskProcessor - Starting process > PRINT_JSON_CONTENT
Jan-18 16:23:28.475 [main] DEBUG nextflow.script.ScriptRunner - Parsed script files:
  Script_5c439a76bf2e7cdd: /Users/danielwodke/Dropbox/Universität/Semester_9/Operating Complex IT-Systems/serverless_scientific_workflow_poc/nextflow/main.nf
Jan-18 16:23:28.475 [main] DEBUG nextflow.script.ScriptRunner - > Awaiting termination 
Jan-18 16:23:28.475 [main] DEBUG nextflow.Session - Session await
Jan-18 16:23:28.520 [Actor Thread 4] DEBUG nextflow.util.HashBuilder - Unable to get file attributes file: /Users/danielwodke/Dropbox/Universität/Semester_9/Operating Complex IT-Systems/serverless_scientific_workflow_poc/nextflow/nextflow/data/data.csv -- Cause: java.nio.file.NoSuchFileException: /Users/danielwodke/Dropbox/Universität/Semester_9/Operating Complex IT-Systems/serverless_scientific_workflow_poc/nextflow/nextflow/data/data.csv
Jan-18 16:23:28.557 [Task submitter] DEBUG n.executor.local.LocalTaskHandler - Launch cmd line: /bin/bash -ue .command.run
Jan-18 16:23:28.558 [Task submitter] INFO  nextflow.Session - [83/1f7c4a] Submitted process > CONVERT_CSV_TO_JSON (1)
Jan-18 16:23:28.582 [Task monitor] DEBUG n.processor.TaskPollingMonitor - Task completed > TaskHandler[id: 1; name: CONVERT_CSV_TO_JSON (1); status: COMPLETED; exit: 1; error: -; workDir: /Users/danielwodke/Dropbox/Universität/Semester_9/Operating Complex IT-Systems/serverless_scientific_workflow_poc/work/83/1f7c4a7279318bab815b7042bf3cde]
Jan-18 16:23:28.582 [Task monitor] DEBUG nextflow.util.ThreadPoolBuilder - Creating thread pool 'TaskFinalizer' minSize=10; maxSize=36; workQueue=LinkedBlockingQueue[10000]; allowCoreThreadTimeout=false
Jan-18 16:23:28.587 [TaskFinalizer-1] DEBUG nextflow.processor.TaskProcessor - Handling unexpected condition for
  task: name=CONVERT_CSV_TO_JSON (1); work-dir=/Users/danielwodke/Dropbox/Universität/Semester_9/Operating Complex IT-Systems/serverless_scientific_workflow_poc/work/83/1f7c4a7279318bab815b7042bf3cde
  error [nextflow.exception.ProcessFailedException]: Process `CONVERT_CSV_TO_JSON (1)` terminated with an error exit status (1)
Jan-18 16:23:28.595 [TaskFinalizer-1] ERROR nextflow.processor.TaskProcessor - Error executing process > 'CONVERT_CSV_TO_JSON (1)'

Caused by:
  Process `CONVERT_CSV_TO_JSON (1)` terminated with an error exit status (1)


Command executed:

  echo "Reading CSV file: data.csv"
  # Replace newlines with \n so the Cloud Function sees it as one line
  CSV_CONTENT=$(tr '\n' '\\n' < "data.csv")
  
  echo "Invoking GCF with CSV content..."
  curl -X POST \
      -H "Content-Type: application/json" \
      -d "{ \"csv_data\": "$CSV_CONTENT" }" \
      -o data.json \
      https://europe-west10-neural-engine-448210-n5.cloudfunctions.net/poc-ssw-google-cloud-function
  
  echo "Response saved to data.json"

Command exit status:
  1

Command output:
  Reading CSV file: data.csv

Command error:
  Reading CSV file: data.csv
  .command.sh: line 4: data.csv: No such file or directory

Work dir:
  /Users/danielwodke/Dropbox/Universität/Semester_9/Operating Complex IT-Systems/serverless_scientific_workflow_poc/work/83/1f7c4a7279318bab815b7042bf3cde

Tip: when you have fixed the problem you can continue the execution adding the option `-resume` to the run command line
Jan-18 16:23:28.598 [TaskFinalizer-1] DEBUG nextflow.Session - Session aborted -- Cause: Process `CONVERT_CSV_TO_JSON (1)` terminated with an error exit status (1)
Jan-18 16:23:28.598 [main] DEBUG nextflow.Session - Session await > all processes finished
Jan-18 16:23:28.607 [TaskFinalizer-1] DEBUG nextflow.Session - 
Thread[Actor Thread 8,5,main]
  java.base@17.0.13/jdk.internal.misc.Unsafe.park(Native Method)
  java.base@17.0.13/java.util.concurrent.locks.LockSupport.park(LockSupport.java:341)
  java.base@17.0.13/java.util.concurrent.SynchronousQueue$TransferStack$SNode.block(SynchronousQueue.java:288)
  java.base@17.0.13/java.util.concurrent.ForkJoinPool.unmanagedBlock(ForkJoinPool.java:3465)
  java.base@17.0.13/java.util.concurrent.ForkJoinPool.managedBlock(ForkJoinPool.java:3436)
  java.base@17.0.13/java.util.concurrent.SynchronousQueue$TransferStack.transfer(SynchronousQueue.java:397)
  java.base@17.0.13/java.util.concurrent.SynchronousQueue.take(SynchronousQueue.java:886)
  java.base@17.0.13/java.util.concurrent.ThreadPoolExecutor.getTask(ThreadPoolExecutor.java:1062)
  java.base@17.0.13/java.util.concurrent.ThreadPoolExecutor.runWorker(ThreadPoolExecutor.java:1122)
  java.base@17.0.13/java.util.concurrent.ThreadPoolExecutor$Worker.run(ThreadPoolExecutor.java:635)
  java.base@17.0.13/java.lang.Thread.run(Thread.java:840)

Thread[main,5,main]
  java.base@17.0.13/jdk.internal.misc.Unsafe.park(Native Method)
  java.base@17.0.13/java.util.concurrent.locks.LockSupport.park(LockSupport.java:341)
  java.base@17.0.13/java.util.concurrent.locks.AbstractQueuedSynchronizer$ConditionNode.block(AbstractQueuedSynchronizer.java:506)
  java.base@17.0.13/java.util.concurrent.ForkJoinPool.unmanagedBlock(ForkJoinPool.java:3465)
  java.base@17.0.13/java.util.concurrent.ForkJoinPool.managedBlock(ForkJoinPool.java:3436)
  java.base@17.0.13/java.util.concurrent.locks.AbstractQueuedSynchronizer$ConditionObject.await(AbstractQueuedSynchronizer.java:1630)
  app//nextflow.util.Barrier$_awaitCompletion_closure3.doCall(Barrier.groovy:92)
  app//nextflow.util.Barrier$_awaitCompletion_closure3.call(Barrier.groovy)
  app//nextflow.extension.Bolts.withLock(Bolts.groovy:337)
  app//nextflow.extension.Bolts.withLock(Bolts.groovy)
  app//nextflow.util.Barrier.awaitCompletion(Barrier.groovy:89)
  app//nextflow.Session.await(Session.groovy:679)
  app//nextflow.script.ScriptRunner.await(ScriptRunner.groovy:256)
  app//nextflow.script.ScriptRunner.execute(ScriptRunner.groovy:144)
  app//nextflow.cli.CmdRun.run(CmdRun.groovy:376)
  app//nextflow.cli.Launcher.run(Launcher.groovy:503)
  app//nextflow.cli.Launcher.main(Launcher.groovy:658)

Thread[Task submitter,5,main]
  java.base@17.0.13/jdk.internal.misc.Unsafe.park(Native Method)
  java.base@17.0.13/java.util.concurrent.locks.LockSupport.park(LockSupport.java:341)
  java.base@17.0.13/java.util.concurrent.locks.AbstractQueuedSynchronizer$ConditionNode.block(AbstractQueuedSynchronizer.java:506)
  java.base@17.0.13/java.util.concurrent.ForkJoinPool.unmanagedBlock(ForkJoinPool.java:3465)
  java.base@17.0.13/java.util.concurrent.ForkJoinPool.managedBlock(ForkJoinPool.java:3436)
  java.base@17.0.13/java.util.concurrent.locks.AbstractQueuedSynchronizer$ConditionObject.await(AbstractQueuedSynchronizer.java:1630)
  app//nextflow.processor.TaskPollingMonitor.awaitTasks(TaskPollingMonitor.groovy:388)
  app//nextflow.processor.TaskPollingMonitor.submitLoop(TaskPollingMonitor.groovy:412)
  java.base@17.0.13/jdk.internal.reflect.NativeMethodAccessorImpl.invoke0(Native Method)
  java.base@17.0.13/jdk.internal.reflect.NativeMethodAccessorImpl.invoke(NativeMethodAccessorImpl.java:77)
  java.base@17.0.13/jdk.internal.reflect.DelegatingMethodAccessorImpl.invoke(DelegatingMethodAccessorImpl.java:43)
  java.base@17.0.13/java.lang.reflect.Method.invoke(Method.java:569)
  app//org.codehaus.groovy.reflection.CachedMethod.invoke(CachedMethod.java:343)
  app//groovy.lang.MetaMethod.doMethodInvoke(MetaMethod.java:328)
  app//groovy.lang.MetaClassImpl.doInvokeMethod(MetaClassImpl.java:1333)
  app//groovy.lang.MetaClassImpl.invokeMethod(MetaClassImpl.java:1088)
  app//groovy.lang.MetaClassImpl.invokeMethodClosure(MetaClassImpl.java:1017)
  app//groovy.lang.MetaClassImpl.doInvokeMethod(MetaClassImpl.java:1207)
  app//groovy.lang.MetaClassImpl.invokeMethod(MetaClassImpl.java:1088)
  app//groovy.lang.MetaClassImpl.invokeMethod(MetaClassImpl.java:1007)
  app//groovy.lang.Closure.call(Closure.java:433)
  app//groovy.lang.Closure.call(Closure.java:412)
  app//groovy.lang.Closure.run(Closure.java:505)
  java.base@17.0.13/java.lang.Thread.run(Thread.java:840)

Thread[Finalizer,8,system]
  java.base@17.0.13/java.lang.Object.wait(Native Method)
  java.base@17.0.13/java.lang.ref.ReferenceQueue.remove(ReferenceQueue.java:155)
  java.base@17.0.13/java.lang.ref.ReferenceQueue.remove(ReferenceQueue.java:176)
  java.base@17.0.13/java.lang.ref.Finalizer$FinalizerThread.run(Finalizer.java:172)

Thread[Actor Thread 3,5,main]
  java.base@17.0.13/jdk.internal.misc.Unsafe.park(Native Method)
  java.base@17.0.13/java.util.concurrent.locks.LockSupport.park(LockSupport.java:341)
  java.base@17.0.13/java.util.concurrent.SynchronousQueue$TransferStack$SNode.block(SynchronousQueue.java:288)
  java.base@17.0.13/java.util.concurrent.ForkJoinPool.unmanagedBlock(ForkJoinPool.java:3465)
  java.base@17.0.13/java.util.concurrent.ForkJoinPool.managedBlock(ForkJoinPool.java:3436)
  java.base@17.0.13/java.util.concurrent.SynchronousQueue$TransferStack.transfer(SynchronousQueue.java:397)
  java.base@17.0.13/java.util.concurrent.SynchronousQueue.take(SynchronousQueue.java:886)
  java.base@17.0.13/java.util.concurrent.ThreadPoolExecutor.getTask(ThreadPoolExecutor.java:1062)
  java.base@17.0.13/java.util.concurrent.ThreadPoolExecutor.runWorker(ThreadPoolExecutor.java:1122)
  java.base@17.0.13/java.util.concurrent.ThreadPoolExecutor$Worker.run(ThreadPoolExecutor.java:635)
  java.base@17.0.13/java.lang.Thread.run(Thread.java:840)

Thread[Actor Thread 6,5,main]
  java.base@17.0.13/jdk.internal.misc.Unsafe.park(Native Method)
  java.base@17.0.13/java.util.concurrent.locks.LockSupport.park(LockSupport.java:341)
  java.base@17.0.13/java.util.concurrent.SynchronousQueue$TransferStack$SNode.block(SynchronousQueue.java:288)
  java.base@17.0.13/java.util.concurrent.ForkJoinPool.unmanagedBlock(ForkJoinPool.java:3465)
  java.base@17.0.13/java.util.concurrent.ForkJoinPool.managedBlock(ForkJoinPool.java:3436)
  java.base@17.0.13/java.util.concurrent.SynchronousQueue$TransferStack.transfer(SynchronousQueue.java:397)
  java.base@17.0.13/java.util.concurrent.SynchronousQueue.take(SynchronousQueue.java:886)
  java.base@17.0.13/java.util.concurrent.ThreadPoolExecutor.getTask(ThreadPoolExecutor.java:1062)
  java.base@17.0.13/java.util.concurrent.ThreadPoolExecutor.runWorker(ThreadPoolExecutor.java:1122)
  java.base@17.0.13/java.util.concurrent.ThreadPoolExecutor$Worker.run(ThreadPoolExecutor.java:635)
  java.base@17.0.13/java.lang.Thread.run(Thread.java:840)

Thread[Reference Handler,10,system]
  java.base@17.0.13/java.lang.ref.Reference.waitForReferencePendingList(Native Method)
  java.base@17.0.13/java.lang.ref.Reference.processPendingReferences(Reference.java:253)
  java.base@17.0.13/java.lang.ref.Reference$ReferenceHandler.run(Reference.java:215)

Thread[Actor Thread 10,5,main]
  app//com.esotericsoftware.kryo.util.DefaultClassResolver.<init>(DefaultClassResolver.java:21)
  app//com.esotericsoftware.kryo.Kryo.<init>(Kryo.java:132)
  java.base@17.0.13/java.lang.invoke.DirectMethodHandle$Holder.newInvokeSpecial(DirectMethodHandle$Holder)
  java.base@17.0.13/java.lang.invoke.LambdaForm$MH/0x0000007001159c00.invoke(LambdaForm$MH)
  java.base@17.0.13/java.lang.invoke.LambdaForm$MH/0x0000007001160400.guardWithCatch(LambdaForm$MH)
  java.base@17.0.13/java.lang.invoke.LambdaForm$MH/0x00000070010b5400.reinvoke(LambdaForm$MH)
  java.base@17.0.13/java.lang.invoke.LambdaForm$MH/0x00000070010b5800.guard(LambdaForm$MH)
  java.base@17.0.13/java.lang.invoke.LambdaForm$MH/0x00000070010b5400.reinvoke(LambdaForm$MH)
  java.base@17.0.13/java.lang.invoke.LambdaForm$MH/0x0000007001138800.invoke(LambdaForm$MH)
  java.base@17.0.13/java.lang.invoke.LambdaForm$MH/0x00000070010bc000.invokeExact_MT(LambdaForm$MH)
  app//org.codehaus.groovy.vmplugin.v8.IndyInterface.fromCache(IndyInterface.java:321)
  java.base@17.0.13/java.lang.invoke.LambdaForm$DMH/0x00000070010a8c00.invokeStatic(LambdaForm$DMH)
  java.base@17.0.13/java.lang.invoke.LambdaForm$MH/0x00000070010ae400.invoke(LambdaForm$MH)
  java.base@17.0.13/java.lang.invoke.Invokers$Holder.linkToCallSite(Invokers$Holder)
  app//nextflow.util.KryoHelper.newInstance(SerializationHelper.groovy:87)
  java.base@17.0.13/jdk.internal.reflect.NativeMethodAccessorImpl.invoke0(Native Method)
  java.base@17.0.13/jdk.internal.reflect.NativeMethodAccessorImpl.invoke(NativeMethodAccessorImpl.java:77)
  java.base@17.0.13/jdk.internal.reflect.DelegatingMethodAccessorImpl.invoke(DelegatingMethodAccessorImpl.java:43)
  java.base@17.0.13/java.lang.reflect.Method.invoke(Method.java:569)
  app//org.codehaus.groovy.reflection.CachedMethod.invoke(CachedMethod.java:343)
  app//groovy.lang.MetaMethod.doMethodInvoke(MetaMethod.java:328)
  app//groovy.lang.MetaClassImpl.invokeStaticMethod(MetaClassImpl.java:1586)
  app//org.codehaus.groovy.runtime.InvokerHelper.invokeMethod(InvokerHelper.java:611)
  app//org.codehaus.groovy.runtime.ScriptBytecodeAdapter.invokeMethodN(ScriptBytecodeAdapter.java:182)
  app//nextflow.util.KryoHelper$1.methodMissing(SerializationHelper.groovy)
  java.base@17.0.13/jdk.internal.reflect.NativeMethodAccessorImpl.invoke0(Native Method)
  java.base@17.0.13/jdk.internal.reflect.NativeMethodAccessorImpl.invoke(NativeMethodAccessorImpl.java:77)
  java.base@17.0.13/jdk.internal.reflect.DelegatingMethodAccessorImpl.invoke(DelegatingMethodAccessorImpl.java:43)
  java.base@17.0.13/java.lang.reflect.Method.invoke(Method.java:569)
  app//org.codehaus.groovy.reflection.CachedMethod.invoke(CachedMethod.java:343)
  app//groovy.lang.MetaClassImpl.invokeMissingMethod(MetaClassImpl.java:924)
  app//groovy.lang.MetaClassImpl.invokePropertyOrMissing(MetaClassImpl.java:1413)
  app//groovy.lang.MetaClassImpl.doInvokeMethod(MetaClassImpl.java:1335)
  app//groovy.lang.MetaClassImpl.invokeMethod(MetaClassImpl.java:1088)
  app//groovy.lang.MetaClassImpl.invokeMethod(MetaClassImpl.java:1007)
  java.base@17.0.13/java.lang.invoke.LambdaForm$DMH/0x00000070010b6c00.invokeInterface(LambdaForm$DMH)
  java.base@17.0.13/java.lang.invoke.LambdaForm$MH/0x0000007001177400.invoke(LambdaForm$MH)
  java.base@17.0.13/java.lang.invoke.LambdaForm$MH/0x0000007001192c00.invoke(LambdaForm$MH)
  java.base@17.0.13/java.lang.invoke.LambdaForm$MH/0x0000007001160400.guardWithCatch(LambdaForm$MH)
  java.base@17.0.13/java.lang.invoke.LambdaForm$MH/0x00000070010b5400.reinvoke(LambdaForm$MH)
  java.base@17.0.13/java.lang.invoke.LambdaForm$MH/0x00000070010b5800.guard(LambdaForm$MH)
  java.base@17.0.13/java.lang.invoke.LambdaForm$MH/0x00000070010b5400.reinvoke(LambdaForm$MH)
  java.base@17.0.13/java.lang.invoke.LambdaForm$MH/0x00000070010b5800.guard(LambdaForm$MH)
  java.base@17.0.13/java.lang.invoke.LambdaForm$MH/0x00000070010b5400.reinvoke(LambdaForm$MH)
  java.base@17.0.13/java.lang.invoke.LambdaForm$MH/0x0000007001138800.invoke(LambdaForm$MH)
  java.base@17.0.13/java.lang.invoke.LambdaForm$MH/0x00000070010bc000.invokeExact_MT(LambdaForm$MH)
  app//org.codehaus.groovy.vmplugin.v8.IndyInterface.fromCache(IndyInterface.java:321)
  java.base@17.0.13/java.lang.invoke.LambdaForm$DMH/0x00000070010a8c00.invokeStatic(LambdaForm$DMH)
  java.base@17.0.13/java.lang.invoke.LambdaForm$MH/0x00000070010ae400.invoke(LambdaForm$MH)
  java.base@17.0.13/java.lang.invoke.Invokers$Holder.linkToCallSite(Invokers$Holder)
  app//nextflow.util.KryoHelper$1.initialValue(SerializationHelper.groovy:60)
  app//nextflow.util.KryoHelper$1.initialValue(SerializationHelper.groovy)
  java.base@17.0.13/java.lang.ThreadLocal.setInitialValue(ThreadLocal.java:195)
  java.base@17.0.13/java.lang.ThreadLocal.get(ThreadLocal.java:172)
  java.base@17.0.13/java.lang.invoke.DirectMethodHandle$Holder.invokeVirtual(DirectMethodHandle$Holder)
  java.base@17.0.13/java.lang.invoke.LambdaForm$MH/0x0000007001160400.guardWithCatch(LambdaForm$MH)
  java.base@17.0.13/java.lang.invoke.LambdaForm$MH/0x00000070010b5400.reinvoke(LambdaForm$MH)
  java.base@17.0.13/java.lang.invoke.LambdaForm$MH/0x00000070010b5800.guard(LambdaForm$MH)
  java.base@17.0.13/java.lang.invoke.LambdaForm$MH/0x00000070010b5400.reinvoke(LambdaForm$MH)
  java.base@17.0.13/java.lang.invoke.LambdaForm$MH/0x00000070010b5800.guard(LambdaForm$MH)
  java.base@17.0.13/java.lang.invoke.LambdaForm$MH/0x00000070010b5400.reinvoke(LambdaForm$MH)
  java.base@17.0.13/java.lang.invoke.LambdaForm$MH/0x0000007001138800.invoke(LambdaForm$MH)
  java.base@17.0.13/java.lang.invoke.LambdaForm$MH/0x00000070010bc000.invokeExact_MT(LambdaForm$MH)
  app//org.codehaus.groovy.vmplugin.v8.IndyInterface.fromCache(IndyInterface.java:321)
  java.base@17.0.13/java.lang.invoke.LambdaForm$DMH/0x00000070010a8c00.invokeStatic(LambdaForm$DMH)
  java.base@17.0.13/java.lang.invoke.LambdaForm$MH/0x00000070010ae400.invoke(LambdaForm$MH)
  java.base@17.0.13/java.lang.invoke.Invokers$Holder.linkToCallSite(Invokers$Holder)
  app//nextflow.util.KryoHelper.kryo(SerializationHelper.groovy:79)
  java.base@17.0.13/java.lang.invoke.DirectMethodHandle$Holder.invokeStatic(DirectMethodHandle$Holder)
  java.base@17.0.13/java.lang.invoke.LambdaForm$MH/0x0000007001159c00.invoke(LambdaForm$MH)
  java.base@17.0.13/java.lang.invoke.LambdaForm$MH/0x0000007001160400.guardWithCatch(LambdaForm$MH)
  java.base@17.0.13/java.lang.invoke.LambdaForm$MH/0x00000070010b5400.reinvoke(LambdaForm$MH)
  java.base@17.0.13/java.lang.invoke.LambdaForm$MH/0x00000070010b5800.guard(LambdaForm$MH)
  java.base@17.0.13/java.lang.invoke.LambdaForm$MH/0x00000070010b5400.reinvoke(LambdaForm$MH)
  java.base@17.0.13/java.lang.invoke.LambdaForm$MH/0x0000007001138800.invoke(LambdaForm$MH)
  java.base@17.0.13/java.lang.invoke.LambdaForm$MH/0x00000070010bc000.invokeExact_MT(LambdaForm$MH)
  app//org.codehaus.groovy.vmplugin.v8.IndyInterface.fromCache(IndyInterface.java:321)
  java.base@17.0.13/java.lang.invoke.LambdaForm$DMH/0x00000070010a8c00.invokeStatic(LambdaForm$DMH)
  java.base@17.0.13/java.lang.invoke.LambdaForm$MH/0x00000070010ae400.invoke(LambdaForm$MH)
  java.base@17.0.13/java.lang.invoke.Invokers$Holder.linkToCallSite(Invokers$Holder)
  app//nextflow.util.KryoHelper.serialize(SerializationHelper.groovy:166)
  app//nextflow.trace.TraceRecord.serialize(TraceRecord.groovy:573)
  app//nextflow.cache.CacheDB.writeTaskEntry0(CacheDB.groovy:147)
  java.base@17.0.13/jdk.internal.reflect.NativeMethodAccessorImpl.invoke0(Native Method)
  java.base@17.0.13/jdk.internal.reflect.NativeMethodAccessorImpl.invoke(NativeMethodAccessorImpl.java:77)
  java.base@17.0.13/jdk.internal.reflect.DelegatingMethodAccessorImpl.invoke(DelegatingMethodAccessorImpl.java:43)
  java.base@17.0.13/java.lang.reflect.Method.invoke(Method.java:569)
  app//org.codehaus.groovy.reflection.CachedMethod.invoke(CachedMethod.java:343)
  app//groovy.lang.MetaMethod.doMethodInvoke(MetaMethod.java:328)
  app//groovy.lang.MetaClassImpl.doInvokeMethod(MetaClassImpl.java:1333)
  app//groovy.lang.MetaClassImpl.invokeMethod(MetaClassImpl.java:1088)
  app//groovy.lang.MetaClassImpl.invokeMethod(MetaClassImpl.java:1007)
  app//org.codehaus.groovy.runtime.InvokerHelper.invokePogoMethod(InvokerHelper.java:645)
  app//org.codehaus.groovy.runtime.InvokerHelper.invokeMethod(InvokerHelper.java:628)
  app//org.codehaus.groovy.runtime.InvokerHelper.invokeMethodSafe(InvokerHelper.java:82)
  app//nextflow.cache.CacheDB$_putTaskAsync_closure1.doCall(CacheDB.groovy:157)
  app//nextflow.cache.CacheDB$_putTaskAsync_closure1.call(CacheDB.groovy)
  app//groovyx.gpars.agent.AgentBase.onMessage(AgentBase.java:102)
  app//groovyx.gpars.agent.Agent.handleMessage(Agent.java:84)
  app//groovyx.gpars.agent.AgentCore$1.handleMessage(AgentCore.java:48)
  app//groovyx.gpars.util.AsyncMessagingCore.run(AsyncMessagingCore.java:132)
  java.base@17.0.13/java.util.concurrent.ThreadPoolExecutor.runWorker(ThreadPoolExecutor.java:1136)
  java.base@17.0.13/java.util.concurrent.ThreadPoolExecutor$Worker.run(ThreadPoolExecutor.java:635)
  java.base@17.0.13/java.lang.Thread.run(Thread.java:840)

Thread[PathVisitor-1,5,main]
  java.base@17.0.13/jdk.internal.misc.Unsafe.park(Native Method)
  java.base@17.0.13/java.util.concurrent.locks.LockSupport.parkNanos(LockSupport.java:252)
  java.base@17.0.13/java.util.concurrent.SynchronousQueue$TransferStack.transfer(SynchronousQueue.java:401)
  java.base@17.0.13/java.util.concurrent.SynchronousQueue.poll(SynchronousQueue.java:903)
  java.base@17.0.13/java.util.concurrent.ThreadPoolExecutor.getTask(ThreadPoolExecutor.java:1061)
  java.base@17.0.13/java.util.concurrent.ThreadPoolExecutor.runWorker(ThreadPoolExecutor.java:1122)
  java.base@17.0.13/java.util.concurrent.ThreadPoolExecutor$Worker.run(ThreadPoolExecutor.java:635)
  java.base@17.0.13/java.lang.Thread.run(Thread.java:840)

Thread[Actor Thread 7,5,main]
  java.base@17.0.13/jdk.internal.misc.Unsafe.park(Native Method)
  java.base@17.0.13/java.util.concurrent.locks.LockSupport.park(LockSupport.java:341)
  java.base@17.0.13/java.util.concurrent.SynchronousQueue$TransferStack$SNode.block(SynchronousQueue.java:288)
  java.base@17.0.13/java.util.concurrent.ForkJoinPool.unmanagedBlock(ForkJoinPool.java:3465)
  java.base@17.0.13/java.util.concurrent.ForkJoinPool.managedBlock(ForkJoinPool.java:3436)
  java.base@17.0.13/java.util.concurrent.SynchronousQueue$TransferStack.transfer(SynchronousQueue.java:397)
  java.base@17.0.13/java.util.concurrent.SynchronousQueue.take(SynchronousQueue.java:886)
  java.base@17.0.13/java.util.concurrent.ThreadPoolExecutor.getTask(ThreadPoolExecutor.java:1062)
  java.base@17.0.13/java.util.concurrent.ThreadPoolExecutor.runWorker(ThreadPoolExecutor.java:1122)
  java.base@17.0.13/java.util.concurrent.ThreadPoolExecutor$Worker.run(ThreadPoolExecutor.java:635)
  java.base@17.0.13/java.lang.Thread.run(Thread.java:840)

Thread[AnsiLogObserver,5,main]
  java.base@17.0.13/java.lang.ProcessImpl.forkAndExec(Native Method)
  java.base@17.0.13/java.lang.ProcessImpl.<init>(ProcessImpl.java:314)
  java.base@17.0.13/java.lang.ProcessImpl.start(ProcessImpl.java:244)
  java.base@17.0.13/java.lang.ProcessBuilder.start(ProcessBuilder.java:1110)
  java.base@17.0.13/java.lang.ProcessBuilder.start(ProcessBuilder.java:1073)
  java.base@17.0.13/java.lang.Runtime.exec(Runtime.java:594)
  java.base@17.0.13/java.lang.Runtime.exec(Runtime.java:453)
  app//jline.internal.TerminalLineSettings.exec(TerminalLineSettings.java:183)
  app//jline.internal.TerminalLineSettings.exec(TerminalLineSettings.java:173)
  app//jline.internal.TerminalLineSettings.stty(TerminalLineSettings.java:168)
  app//jline.internal.TerminalLineSettings.set(TerminalLineSettings.java:76)
  app//jline.UnixTerminal.init(UnixTerminal.java:53)
  app//jline.TerminalFactory.create(TerminalFactory.java:101)
  app//jline.TerminalFactory.get(TerminalFactory.java:159)
  app//nextflow.trace.AnsiLogObserver.renderProcesses(AnsiLogObserver.groovy:257)
  app//nextflow.trace.AnsiLogObserver.renderProgress(AnsiLogObserver.groovy:312)
  app//nextflow.trace.AnsiLogObserver.render0(AnsiLogObserver.groovy:183)
  java.base@17.0.13/jdk.internal.reflect.NativeMethodAccessorImpl.invoke0(Native Method)
  java.base@17.0.13/jdk.internal.reflect.NativeMethodAccessorImpl.invoke(NativeMethodAccessorImpl.java:77)
  java.base@17.0.13/jdk.internal.reflect.DelegatingMethodAccessorImpl.invoke(DelegatingMethodAccessorImpl.java:43)
  java.base@17.0.13/java.lang.reflect.Method.invoke(Method.java:569)
  app//org.codehaus.groovy.reflection.CachedMethod.invoke(CachedMethod.java:343)
  app//groovy.lang.MetaMethod.doMethodInvoke(MetaMethod.java:328)
  app//groovy.lang.MetaClassImpl.doInvokeMethod(MetaClassImpl.java:1333)
  app//groovy.lang.MetaClassImpl.invokeMethod(MetaClassImpl.java:1088)
  app//groovy.lang.MetaClassImpl.invokeMethodClosure(MetaClassImpl.java:1017)
  app//groovy.lang.MetaClassImpl.doInvokeMethod(MetaClassImpl.java:1207)
  app//groovy.lang.MetaClassImpl.invokeMethod(MetaClassImpl.java:1088)
  app//groovy.lang.MetaClassImpl.invokeMethod(MetaClassImpl.java:1007)
  app//groovy.lang.Closure.call(Closure.java:433)
  app//groovy.lang.Closure.call(Closure.java:412)
  app//groovy.lang.Closure.run(Closure.java:505)
  java.base@17.0.13/java.lang.Thread.run(Thread.java:840)

Thread[pool-2-thread-1,5,main]
  java.base@17.0.13/jdk.internal.misc.Unsafe.park(Native Method)
  java.base@17.0.13/java.util.concurrent.locks.LockSupport.park(LockSupport.java:341)
  java.base@17.0.13/java.util.concurrent.locks.AbstractQueuedSynchronizer$ConditionNode.block(AbstractQueuedSynchronizer.java:506)
  java.base@17.0.13/java.util.concurrent.ForkJoinPool.unmanagedBlock(ForkJoinPool.java:3465)
  java.base@17.0.13/java.util.concurrent.ForkJoinPool.managedBlock(ForkJoinPool.java:3436)
  java.base@17.0.13/java.util.concurrent.locks.AbstractQueuedSynchronizer$ConditionObject.await(AbstractQueuedSynchronizer.java:1630)
  java.base@17.0.13/java.util.concurrent.LinkedBlockingQueue.take(LinkedBlockingQueue.java:435)
  java.base@17.0.13/java.util.concurrent.ThreadPoolExecutor.getTask(ThreadPoolExecutor.java:1062)
  java.base@17.0.13/java.util.concurrent.ThreadPoolExecutor.runWorker(ThreadPoolExecutor.java:1122)
  java.base@17.0.13/java.util.concurrent.ThreadPoolExecutor$Worker.run(ThreadPoolExecutor.java:635)
  java.base@17.0.13/java.lang.Thread.run(Thread.java:840)

Thread[TaskFinalizer-1,5,main]
  java.base@17.0.13/java.lang.Thread.dumpThreads(Native Method)
  java.base@17.0.13/java.lang.Thread.getAllStackTraces(Thread.java:1671)
  app//nextflow.util.SysHelper.dumpThreads(SysHelper.groovy:188)
  app//nextflow.Session.abort(Session.groovy:800)
  app//nextflow.Session.fault(Session.groovy:766)
  app//nextflow.processor.TaskPollingMonitor.finalizeTask(TaskPollingMonitor.groovy:695)
  app//nextflow.processor.TaskPollingMonitor.safeFinalizeTask(TaskPollingMonitor.groovy:678)
  java.base@17.0.13/jdk.internal.reflect.NativeMethodAccessorImpl.invoke0(Native Method)
  java.base@17.0.13/jdk.internal.reflect.NativeMethodAccessorImpl.invoke(NativeMethodAccessorImpl.java:77)
  java.base@17.0.13/jdk.internal.reflect.DelegatingMethodAccessorImpl.invoke(DelegatingMethodAccessorImpl.java:43)
  java.base@17.0.13/java.lang.reflect.Method.invoke(Method.java:569)
  app//org.codehaus.groovy.reflection.CachedMethod.invoke(CachedMethod.java:343)
  app//groovy.lang.MetaMethod.doMethodInvoke(MetaMethod.java:328)
  app//groovy.lang.MetaClassImpl.doInvokeMethod(MetaClassImpl.java:1333)
  app//groovy.lang.MetaClassImpl.invokeMethod(MetaClassImpl.java:1088)
  app//groovy.lang.MetaClassImpl.invokeMethod(MetaClassImpl.java:1007)
  app//org.codehaus.groovy.runtime.InvokerHelper.invokePogoMethod(InvokerHelper.java:645)
  app//org.codehaus.groovy.runtime.InvokerHelper.invokeMethod(InvokerHelper.java:628)
  app//org.codehaus.groovy.runtime.InvokerHelper.invokeMethodSafe(InvokerHelper.java:82)
  app//nextflow.processor.TaskPollingMonitor$_checkTaskStatus_lambda8.doCall(TaskPollingMonitor.groovy:668)
  app//nextflow.processor.TaskPollingMonitor$$Lambda$416/0x00000070013ffdd8.run(Unknown Source)
  java.base@17.0.13/java.util.concurrent.Executors$RunnableAdapter.call(Executors.java:539)
  java.base@17.0.13/java.util.concurrent.FutureTask.run(FutureTask.java:264)
  java.base@17.0.13/java.util.concurrent.ThreadPoolExecutor.runWorker(ThreadPoolExecutor.java:1136)
  java.base@17.0.13/java.util.concurrent.ThreadPoolExecutor$Worker.run(ThreadPoolExecutor.java:635)
  java.base@17.0.13/java.lang.Thread.run(Thread.java:840)

Thread[process reaper,10,system]
  java.base@17.0.13/jdk.internal.misc.Unsafe.park(Native Method)
  java.base@17.0.13/java.util.concurrent.locks.LockSupport.parkNanos(LockSupport.java:252)
  java.base@17.0.13/java.util.concurrent.SynchronousQueue$TransferStack.transfer(SynchronousQueue.java:401)
  java.base@17.0.13/java.util.concurrent.SynchronousQueue.poll(SynchronousQueue.java:903)
  java.base@17.0.13/java.util.concurrent.ThreadPoolExecutor.getTask(ThreadPoolExecutor.java:1061)
  java.base@17.0.13/java.util.concurrent.ThreadPoolExecutor.runWorker(ThreadPoolExecutor.java:1122)
  java.base@17.0.13/java.util.concurrent.ThreadPoolExecutor$Worker.run(ThreadPoolExecutor.java:635)
  java.base@17.0.13/java.lang.Thread.run(Thread.java:840)

Thread[Actor Thread 4,5,main]
  java.base@17.0.13/jdk.internal.misc.Unsafe.park(Native Method)
  java.base@17.0.13/java.util.concurrent.locks.LockSupport.park(LockSupport.java:341)
  java.base@17.0.13/java.util.concurrent.SynchronousQueue$TransferStack$SNode.block(SynchronousQueue.java:288)
  java.base@17.0.13/java.util.concurrent.ForkJoinPool.unmanagedBlock(ForkJoinPool.java:3465)
  java.base@17.0.13/java.util.concurrent.ForkJoinPool.managedBlock(ForkJoinPool.java:3436)
  java.base@17.0.13/java.util.concurrent.SynchronousQueue$TransferStack.transfer(SynchronousQueue.java:397)
  java.base@17.0.13/java.util.concurrent.SynchronousQueue.take(SynchronousQueue.java:886)
  java.base@17.0.13/java.util.concurrent.ThreadPoolExecutor.getTask(ThreadPoolExecutor.java:1062)
  java.base@17.0.13/java.util.concurrent.ThreadPoolExecutor.runWorker(ThreadPoolExecutor.java:1122)
  java.base@17.0.13/java.util.concurrent.ThreadPoolExecutor$Worker.run(ThreadPoolExecutor.java:635)
  java.base@17.0.13/java.lang.Thread.run(Thread.java:840)

Thread[Signal Dispatcher,9,system]

Thread[Notification Thread,9,system]

Thread[Actor Thread 5,5,main]
  java.base@17.0.13/jdk.internal.misc.Unsafe.park(Native Method)
  java.base@17.0.13/java.util.concurrent.locks.LockSupport.park(LockSupport.java:341)
  java.base@17.0.13/java.util.concurrent.SynchronousQueue$TransferStack$SNode.block(SynchronousQueue.java:288)
  java.base@17.0.13/java.util.concurrent.ForkJoinPool.unmanagedBlock(ForkJoinPool.java:3465)
  java.base@17.0.13/java.util.concurrent.ForkJoinPool.managedBlock(ForkJoinPool.java:3436)
  java.base@17.0.13/java.util.concurrent.SynchronousQueue$TransferStack.transfer(SynchronousQueue.java:397)
  java.base@17.0.13/java.util.concurrent.SynchronousQueue.take(SynchronousQueue.java:886)
  java.base@17.0.13/java.util.concurrent.ThreadPoolExecutor.getTask(ThreadPoolExecutor.java:1062)
  java.base@17.0.13/java.util.concurrent.ThreadPoolExecutor.runWorker(ThreadPoolExecutor.java:1122)
  java.base@17.0.13/java.util.concurrent.ThreadPoolExecutor$Worker.run(ThreadPoolExecutor.java:635)
  java.base@17.0.13/java.lang.Thread.run(Thread.java:840)

Thread[Task monitor,5,main]
  java.base@17.0.13/jdk.internal.misc.Unsafe.park(Native Method)
  java.base@17.0.13/java.util.concurrent.locks.LockSupport.parkNanos(LockSupport.java:252)
  java.base@17.0.13/java.util.concurrent.locks.AbstractQueuedSynchronizer$ConditionObject.await(AbstractQueuedSynchronizer.java:1764)
  app//nextflow.processor.TaskPollingMonitor$_await_closure5.doCall(TaskPollingMonitor.groovy:529)
  app//nextflow.processor.TaskPollingMonitor$_await_closure5.call(TaskPollingMonitor.groovy)
  app//nextflow.extension.Bolts.withLock(Bolts.groovy:337)
  app//nextflow.extension.Bolts.withLock(Bolts.groovy)
  app//nextflow.processor.TaskPollingMonitor.await(TaskPollingMonitor.groovy:528)
  app//nextflow.processor.TaskPollingMonitor.pollLoop(TaskPollingMonitor.groovy:453)
  java.base@17.0.13/jdk.internal.reflect.NativeMethodAccessorImpl.invoke0(Native Method)
  java.base@17.0.13/jdk.internal.reflect.NativeMethodAccessorImpl.invoke(NativeMethodAccessorImpl.java:77)
  java.base@17.0.13/jdk.internal.reflect.DelegatingMethodAccessorImpl.invoke(DelegatingMethodAccessorImpl.java:43)
  java.base@17.0.13/java.lang.reflect.Method.invoke(Method.java:569)
  app//org.codehaus.groovy.reflection.CachedMethod.invoke(CachedMethod.java:343)
  app//groovy.lang.MetaMethod.doMethodInvoke(MetaMethod.java:328)
  app//groovy.lang.MetaClassImpl.doInvokeMethod(MetaClassImpl.java:1333)
  app//groovy.lang.MetaClassImpl.invokeMethod(MetaClassImpl.java:1088)
  app//groovy.lang.MetaClassImpl.invokeMethod(MetaClassImpl.java:1007)
  app//org.codehaus.groovy.runtime.InvokerHelper.invokePogoMethod(InvokerHelper.java:645)
  app//org.codehaus.groovy.runtime.InvokerHelper.invokeMethod(InvokerHelper.java:628)
  app//org.codehaus.groovy.runtime.InvokerHelper.invokeMethodSafe(InvokerHelper.java:82)
  app//nextflow.processor.TaskPollingMonitor$_start_closure2.doCall(TaskPollingMonitor.groovy:318)
  app//nextflow.processor.TaskPollingMonitor$_start_closure2.call(TaskPollingMonitor.groovy)
  app//groovy.lang.Closure.run(Closure.java:505)
  java.base@17.0.13/java.lang.Thread.run(Thread.java:840)

Thread[Thread-1,5,main]
  java.base@17.0.13/jdk.internal.misc.Unsafe.park(Native Method)
  java.base@17.0.13/java.util.concurrent.locks.LockSupport.parkNanos(LockSupport.java:252)
  java.base@17.0.13/java.util.concurrent.locks.AbstractQueuedSynchronizer$ConditionObject.awaitNanos(AbstractQueuedSynchronizer.java:1679)
  java.base@17.0.13/java.util.concurrent.LinkedBlockingDeque.pollFirst(LinkedBlockingDeque.java:515)
  java.base@17.0.13/java.util.concurrent.LinkedBlockingDeque.poll(LinkedBlockingDeque.java:677)
  app//nextflow.util.SimpleAgent.run(SimpleAgent.groovy:89)
  java.base@17.0.13/jdk.internal.reflect.NativeMethodAccessorImpl.invoke0(Native Method)
  java.base@17.0.13/jdk.internal.reflect.NativeMethodAccessorImpl.invoke(NativeMethodAccessorImpl.java:77)
  java.base@17.0.13/jdk.internal.reflect.DelegatingMethodAccessorImpl.invoke(DelegatingMethodAccessorImpl.java:43)
  java.base@17.0.13/java.lang.reflect.Method.invoke(Method.java:569)
  app//org.codehaus.groovy.reflection.CachedMethod.invoke(CachedMethod.java:343)
  app//groovy.lang.MetaMethod.doMethodInvoke(MetaMethod.java:328)
  app//groovy.lang.MetaClassImpl.doInvokeMethod(MetaClassImpl.java:1333)
  app//groovy.lang.MetaClassImpl.invokeMethod(MetaClassImpl.java:1088)
  app//groovy.lang.MetaClassImpl.invokeMethodClosure(MetaClassImpl.java:1017)
  app//groovy.lang.MetaClassImpl.doInvokeMethod(MetaClassImpl.java:1207)
  app//groovy.lang.MetaClassImpl.invokeMethod(MetaClassImpl.java:1088)
  app//groovy.lang.MetaClassImpl.invokeMethod(MetaClassImpl.java:1007)
  app//groovy.lang.Closure.call(Closure.java:433)
  app//groovy.lang.Closure.call(Closure.java:412)
  app//groovy.lang.Closure.run(Closure.java:505)
  java.base@17.0.13/java.lang.Thread.run(Thread.java:840)

Thread[Common-Cleaner,8,InnocuousThreadGroup]
  java.base@17.0.13/java.lang.Object.wait(Native Method)
  java.base@17.0.13/java.lang.ref.ReferenceQueue.remove(ReferenceQueue.java:155)
  java.base@17.0.13/jdk.internal.ref.CleanerImpl.run(CleanerImpl.java:140)
  java.base@17.0.13/java.lang.Thread.run(Thread.java:840)
  java.base@17.0.13/jdk.internal.misc.InnocuousThread.run(InnocuousThread.java:162)

Thread[Actor Thread 1,5,main]
  java.base@17.0.13/jdk.internal.misc.Unsafe.park(Native Method)
  java.base@17.0.13/java.util.concurrent.locks.LockSupport.park(LockSupport.java:341)
  java.base@17.0.13/java.util.concurrent.SynchronousQueue$TransferStack$SNode.block(SynchronousQueue.java:288)
  java.base@17.0.13/java.util.concurrent.ForkJoinPool.unmanagedBlock(ForkJoinPool.java:3465)
  java.base@17.0.13/java.util.concurrent.ForkJoinPool.managedBlock(ForkJoinPool.java:3436)
  java.base@17.0.13/java.util.concurrent.SynchronousQueue$TransferStack.transfer(SynchronousQueue.java:397)
  java.base@17.0.13/java.util.concurrent.SynchronousQueue.take(SynchronousQueue.java:886)
  java.base@17.0.13/java.util.concurrent.ThreadPoolExecutor.getTask(ThreadPoolExecutor.java:1062)
  java.base@17.0.13/java.util.concurrent.ThreadPoolExecutor.runWorker(ThreadPoolExecutor.java:1122)
  java.base@17.0.13/java.util.concurrent.ThreadPoolExecutor$Worker.run(ThreadPoolExecutor.java:635)
  java.base@17.0.13/java.lang.Thread.run(Thread.java:840)

Thread[Actor Thread 9,5,main]
  java.base@17.0.13/jdk.internal.misc.Unsafe.park(Native Method)
  java.base@17.0.13/java.util.concurrent.locks.LockSupport.park(LockSupport.java:341)
  java.base@17.0.13/java.util.concurrent.SynchronousQueue$TransferStack$SNode.block(SynchronousQueue.java:288)
  java.base@17.0.13/java.util.concurrent.ForkJoinPool.unmanagedBlock(ForkJoinPool.java:3465)
  java.base@17.0.13/java.util.concurrent.ForkJoinPool.managedBlock(ForkJoinPool.java:3436)
  java.base@17.0.13/java.util.concurrent.SynchronousQueue$TransferStack.transfer(SynchronousQueue.java:397)
  java.base@17.0.13/java.util.concurrent.SynchronousQueue.take(SynchronousQueue.java:886)
  java.base@17.0.13/java.util.concurrent.ThreadPoolExecutor.getTask(ThreadPoolExecutor.java:1062)
  java.base@17.0.13/java.util.concurrent.ThreadPoolExecutor.runWorker(ThreadPoolExecutor.java:1122)
  java.base@17.0.13/java.util.concurrent.ThreadPoolExecutor$Worker.run(ThreadPoolExecutor.java:635)
  java.base@17.0.13/java.lang.Thread.run(Thread.java:840)

Thread[Actor Thread 2,5,main]
  java.base@17.0.13/jdk.internal.misc.Unsafe.park(Native Method)
  java.base@17.0.13/java.util.concurrent.locks.LockSupport.park(LockSupport.java:341)
  java.base@17.0.13/java.util.concurrent.SynchronousQueue$TransferStack$SNode.block(SynchronousQueue.java:288)
  java.base@17.0.13/java.util.concurrent.ForkJoinPool.unmanagedBlock(ForkJoinPool.java:3465)
  java.base@17.0.13/java.util.concurrent.ForkJoinPool.managedBlock(ForkJoinPool.java:3436)
  java.base@17.0.13/java.util.concurrent.SynchronousQueue$TransferStack.transfer(SynchronousQueue.java:397)
  java.base@17.0.13/java.util.concurrent.SynchronousQueue.take(SynchronousQueue.java:886)
  java.base@17.0.13/java.util.concurrent.ThreadPoolExecutor.getTask(ThreadPoolExecutor.java:1062)
  java.base@17.0.13/java.util.concurrent.ThreadPoolExecutor.runWorker(ThreadPoolExecutor.java:1122)
  java.base@17.0.13/java.util.concurrent.ThreadPoolExecutor$Worker.run(ThreadPoolExecutor.java:635)
  java.base@17.0.13/java.lang.Thread.run(Thread.java:840)

Jan-18 16:23:28.609 [main] DEBUG nextflow.Session - Session await > all barriers passed
Jan-18 16:23:28.609 [Task monitor] DEBUG n.processor.TaskPollingMonitor - <<< barrier arrives (monitor: local) - terminating tasks monitor poll loop
Jan-18 16:23:28.612 [main] DEBUG n.trace.WorkflowStatsObserver - Workflow completed > WorkflowStats[succeededCount=0; failedCount=1; ignoredCount=0; cachedCount=0; pendingCount=0; submittedCount=0; runningCount=0; retriesCount=0; abortedCount=0; succeedDuration=0ms; failedDuration=9ms; cachedDuration=0ms;loadCpus=0; loadMemory=0; peakRunning=1; peakCpus=1; peakMemory=0; ]
Jan-18 16:23:28.827 [main] DEBUG nextflow.cache.CacheDB - Closing CacheDB done
Jan-18 16:23:28.838 [main] DEBUG nextflow.script.ScriptRunner - > Execution complete -- Goodbye
