Note: Unnecessary use of -X or --request, POST is already inferred.
  % Total    % Received % Xferd  Average Speed   Time    Time     Time  Current
                                 Dload  Upload   Total   Spent    Left  Speed
  0     0    0     0    0     0      0      0 --:--:-- --:--:-- --:--:--     0* Host europe-west10-neural-engine-448210-n5.cloudfunctions.net:443 was resolved.
* IPv6: 2001:4860:4802:36::36
* IPv4: 216.239.36.54
*   Trying 216.239.36.54:443...
* Connected to europe-west10-neural-engine-448210-n5.cloudfunctions.net (216.239.36.54) port 443
* ALPN: curl offers h2,http/1.1
} [5 bytes data]
* TLSv1.3 (OUT), TLS handshake, Client hello (1):
} [512 bytes data]
*  CAfile: /opt/anaconda3/ssl/cacert.pem
*  CApath: none
{ [5 bytes data]
* TLSv1.3 (IN), TLS handshake, Server hello (2):
{ [122 bytes data]
* TLSv1.3 (IN), TLS handshake, Encrypted Extensions (8):
{ [15 bytes data]
* TLSv1.3 (IN), TLS handshake, Certificate (11):
{ [11343 bytes data]
* TLSv1.3 (IN), TLS handshake, CERT verify (15):
{ [79 bytes data]
* TLSv1.3 (IN), TLS handshake, Finished (20):
{ [52 bytes data]
* TLSv1.3 (OUT), TLS change cipher, Change cipher spec (1):
} [1 bytes data]
* TLSv1.3 (OUT), TLS handshake, Finished (20):
} [52 bytes data]
* SSL connection using TLSv1.3 / TLS_AES_256_GCM_SHA384 / X25519 / id-ecPublicKey
* ALPN: server accepted h2
* Server certificate:
*  subject: CN=misc.google.com
*  start date: Dec  9 08:36:34 2024 GMT
*  expire date: Mar  3 08:36:33 2025 GMT
*  subjectAltName: host "europe-west10-neural-engine-448210-n5.cloudfunctions.net" matched cert's "*.cloudfunctions.net"
*  issuer: C=US; O=Google Trust Services; CN=WR2
*  SSL certificate verify ok.
*   Certificate level 0: Public key type EC/prime256v1 (256/128 Bits/secBits), signed using sha256WithRSAEncryption
*   Certificate level 1: Public key type RSA (2048/112 Bits/secBits), signed using sha256WithRSAEncryption
*   Certificate level 2: Public key type RSA (4096/152 Bits/secBits), signed using sha384WithRSAEncryption
} [5 bytes data]
* using HTTP/2
* [HTTP/2] [1] OPENED stream for https://europe-west10-neural-engine-448210-n5.cloudfunctions.net/poc-ssw-google-cloud-function
* [HTTP/2] [1] [:method: POST]
* [HTTP/2] [1] [:scheme: https]
* [HTTP/2] [1] [:authority: europe-west10-neural-engine-448210-n5.cloudfunctions.net]
* [HTTP/2] [1] [:path: /poc-ssw-google-cloud-function]
* [HTTP/2] [1] [user-agent: curl/8.7.1]
* [HTTP/2] [1] [accept: */*]
* [HTTP/2] [1] [content-type: application/json]
* [HTTP/2] [1] [content-length: 48]
} [5 bytes data]
> POST /poc-ssw-google-cloud-function HTTP/2
> Host: europe-west10-neural-engine-448210-n5.cloudfunctions.net
> User-Agent: curl/8.7.1
> Accept: */*
> Content-Type: application/json
> Content-Length: 48
> 
} [48 bytes data]
* upload completely sent off: 48 bytes
{ [5 bytes data]
* TLSv1.3 (IN), TLS handshake, Newsession Ticket (4):
{ [282 bytes data]
* TLSv1.3 (IN), TLS handshake, Newsession Ticket (4):
{ [282 bytes data]
* old SSL session ID is stale, removing
{ [5 bytes data]
< HTTP/2 500 
< content-type: text/html; charset=utf-8
< x-cloud-trace-context: df02424cf9f5a7f9ae87d34835999e3e;o=1
< date: Sun, 19 Jan 2025 10:57:14 GMT
< server: Google Frontend
< content-length: 119
< alt-svc: h3=":443"; ma=2592000,h3-29=":443"; ma=2592000
< 
{ [5 bytes data]
100   167  100   119  100    48    158     64 --:--:-- --:--:-- --:--:--   222100   167  100   119  100    48    158     64 --:--:-- --:--:-- --:--:--   222
* Connection #0 to host europe-west10-neural-engine-448210-n5.cloudfunctions.net left intact
