[DEBUG] Running CONVERT_CSV_TO_JSON
[DEBUG] csv_file -> 'data.csv'
[DEBUG] CSV_CONTENT -> name,age\nDaniel,24\nTom,42\nMaria,18\n
JSON body => { "csv_data": "name,age\nDaniel,24\nTom,42\nMaria,18\n" }
[DEBUG] Making request to GCF..
Note: Unnecessary use of -X or --request, POST is already inferred.
  % Total    % Received % Xferd  Average Speed   Time    Time     Time  Current
                                 Dload  Upload   Total   Spent    Left  Speed
  0     0    0     0    0     0      0      0 --:--:-- --:--:-- --:--:--     0* Host europe-west10-neural-engine-448210-n5.cloudfunctions.net:443 was resolved.
* IPv6: 2001:4860:4802:36::36
* IPv4: 216.239.36.54
*   Trying 216.239.36.54:443...
* Connected to europe-west10-neural-engine-448210-n5.cloudfunctions.net (216.239.36.54) port 443
* ALPN: curl offers h2,http/1.1
} [5 bytes data]
* TLSv1.3 (OUT), TLS handshake, Client hello (1):
} [512 bytes data]
*  CAfile: /opt/anaconda3/ssl/cacert.pem
*  CApath: none
{ [5 bytes data]
* TLSv1.3 (IN), TLS handshake, Server hello (2):
{ [122 bytes data]
* TLSv1.3 (IN), TLS handshake, Encrypted Extensions (8):
{ [15 bytes data]
* TLSv1.3 (IN), TLS handshake, Certificate (11):
{ [11343 bytes data]
* TLSv1.3 (IN), TLS handshake, CERT verify (15):
{ [80 bytes data]
* TLSv1.3 (IN), TLS handshake, Finished (20):
{ [52 bytes data]
* TLSv1.3 (OUT), TLS change cipher, Change cipher spec (1):
} [1 bytes data]
* TLSv1.3 (OUT), TLS handshake, Finished (20):
} [52 bytes data]
* SSL connection using TLSv1.3 / TLS_AES_256_GCM_SHA384 / X25519 / id-ecPublicKey
* ALPN: server accepted h2
* Server certificate:
*  subject: CN=misc.google.com
*  start date: Dec  9 08:36:34 2024 GMT
*  expire date: Mar  3 08:36:33 2025 GMT
*  subjectAltName: host "europe-west10-neural-engine-448210-n5.cloudfunctions.net" matched cert's "*.cloudfunctions.net"
*  issuer: C=US; O=Google Trust Services; CN=WR2
*  SSL certificate verify ok.
*   Certificate level 0: Public key type EC/prime256v1 (256/128 Bits/secBits), signed using sha256WithRSAEncryption
*   Certificate level 1: Public key type RSA (2048/112 Bits/secBits), signed using sha256WithRSAEncryption
*   Certificate level 2: Public key type RSA (4096/152 Bits/secBits), signed using sha384WithRSAEncryption
} [5 bytes data]
* using HTTP/2
* [HTTP/2] [1] OPENED stream for https://europe-west10-neural-engine-448210-n5.cloudfunctions.net/poc-ssw-google-cloud-function
* [HTTP/2] [1] [:method: POST]
* [HTTP/2] [1] [:scheme: https]
* [HTTP/2] [1] [:authority: europe-west10-neural-engine-448210-n5.cloudfunctions.net]
* [HTTP/2] [1] [:path: /poc-ssw-google-cloud-function]
* [HTTP/2] [1] [user-agent: curl/8.7.1]
* [HTTP/2] [1] [accept: */*]
* [HTTP/2] [1] [content-type: application/json]
* [HTTP/2] [1] [content-length: 57]
} [5 bytes data]
> POST /poc-ssw-google-cloud-function HTTP/2
> Host: europe-west10-neural-engine-448210-n5.cloudfunctions.net
> User-Agent: curl/8.7.1
> Accept: */*
> Content-Type: application/json
> Content-Length: 57
> 
} [57 bytes data]
* upload completely sent off: 57 bytes
{ [5 bytes data]
* TLSv1.3 (IN), TLS handshake, Newsession Ticket (4):
{ [282 bytes data]
* TLSv1.3 (IN), TLS handshake, Newsession Ticket (4):
{ [282 bytes data]
* old SSL session ID is stale, removing
{ [5 bytes data]
100    57    0     0  100    57      0    672 --:--:-- --:--:-- --:--:--   670< HTTP/2 200 
< content-type: application/json
< x-cloud-trace-context: b5283d38daec1f5134feb4c799324a32;o=1
< date: Sun, 19 Jan 2025 11:36:10 GMT
< server: Google Frontend
< content-length: 95
< alt-svc: h3=":443"; ma=2592000,h3-29=":443"; ma=2592000
< 
{ [5 bytes data]
100   152  100    95  100    57    825    495 --:--:-- --:--:-- --:--:--  1310
* Connection #0 to host europe-west10-neural-engine-448210-n5.cloudfunctions.net left intact
[{"name": "Daniel", "age": "24"}, {"name": "Tom", "age": "42"}, {"name": "Maria", "age": "18"}][DEBUG] curl exit code: 0
[DEBUG] Finished request, wrote GCF response to data.json
